<?xml version="1.0" encoding="UTF-8"?>
<!-- Generated by org.testng.reporters.JUnitXMLReporter -->
<testsuite ignored="0" hostname="DESKTOP-469MOAN" failures="0" tests="3" name="Default test" time="108.098" errors="0" timestamp="06 Oct 2023 07:46:37 GMT">
  <testcase classname="Yellow.Color.NewTest1" name="f" time="78.542"/>
  <testcase classname="Yellow.Color.NewTest1" name="f" time="12.318"/>
  <testcase classname="Yellow.Color.NewTest1" name="f" time="15.213"/>
</testsuite> <!-- Default test -->
