<?xml version="1.0" encoding="UTF-8"?>
<testng-results ignored="0" total="3" passed="3" failed="0" skipped="0">
  <reporter-output>
  </reporter-output>
  <suite started-at="2023-10-06T07:44:48Z" name="Default suite" finished-at="2023-10-06T07:46:36Z" duration-ms="108098">
    <groups>
    </groups>
    <test started-at="2023-10-06T07:44:48Z" name="Default test" finished-at="2023-10-06T07:46:36Z" duration-ms="108098">
      <class name="Yellow.Color.NewTest1">
        <test-method signature="f(java.lang.String, java.lang.String)[pri:0, instance:Yellow.Color.NewTest1@7a1a14a4]" started-at="2023-10-06T07:44:50Z" name="f" data-provider="dp" finished-at="2023-10-06T07:46:08Z" duration-ms="78542" status="PASS">
          <params>
            <param index="0">
              <value>
                <![CDATA[Test1]]>
              </value>
            </param>
            <param index="1">
              <value>
                <![CDATA[Test@123]]>
              </value>
            </param>
          </params>
          <reporter-output>
          </reporter-output>
        </test-method> <!-- f -->
        <test-method signature="f(java.lang.String, java.lang.String)[pri:0, instance:Yellow.Color.NewTest1@7a1a14a4]" started-at="2023-10-06T07:46:08Z" name="f" data-provider="dp" finished-at="2023-10-06T07:46:21Z" duration-ms="12318" status="PASS">
          <params>
            <param index="0">
              <value>
                <![CDATA[Test2]]>
              </value>
            </param>
            <param index="1">
              <value>
                <![CDATA[Test@321]]>
              </value>
            </param>
          </params>
          <reporter-output>
          </reporter-output>
        </test-method> <!-- f -->
        <test-method signature="f(java.lang.String, java.lang.String)[pri:0, instance:Yellow.Color.NewTest1@7a1a14a4]" started-at="2023-10-06T07:46:21Z" name="f" data-provider="dp" finished-at="2023-10-06T07:46:36Z" duration-ms="15213" status="PASS">
          <params>
            <param index="0">
              <value>
                <![CDATA[Test3]]>
              </value>
            </param>
            <param index="1">
              <value>
                <![CDATA[Test@132]]>
              </value>
            </param>
          </params>
          <reporter-output>
          </reporter-output>
        </test-method> <!-- f -->
      </class> <!-- Yellow.Color.NewTest1 -->
    </test> <!-- Default test -->
  </suite> <!-- Default suite -->
</testng-results>
